506
%WER 15.07 [ 487 / 3231, 10 ins, 0 del, 477 sub ]
1012
%WER 13.15 [ 425 / 3231, 2 ins, 0 del, 423 sub ]
1518
%WER 13.34 [ 431 / 3231, 4 ins, 0 del, 427 sub ]
2024
%WER 12.97 [ 419 / 3231, 3 ins, 0 del, 416 sub ]
2530
%WER 12.23 [ 395 / 3231, 3 ins, 0 del, 392 sub ]
3036
%WER 12.91 [ 417 / 3231, 5 ins, 0 del, 412 sub ]
3542
%WER 12.94 [ 418 / 3231, 3 ins, 0 del, 415 sub ]
4048
%WER 12.07 [ 390 / 3231, 10 ins, 0 del, 380 sub ]
4554
%WER 12.53 [ 405 / 3231, 4 ins, 0 del, 401 sub ]
5060
%WER 12.53 [ 405 / 3231, 2 ins, 0 del, 403 sub ]
5566
%WER 12.29 [ 397 / 3231, 0 ins, 0 del, 397 sub ]
6072
%WER 12.50 [ 404 / 3231, 3 ins, 0 del, 401 sub ]
6578
%WER 13.28 [ 429 / 3231, 1 ins, 0 del, 428 sub ]
7084
%WER 12.63 [ 408 / 3231, 3 ins, 0 del, 405 sub ]
7590
%WER 12.75 [ 412 / 3231, 3 ins, 0 del, 409 sub ]
8096
%WER 13.22 [ 427 / 3231, 4 ins, 0 del, 423 sub ]
8602
%WER 12.78 [ 413 / 3231, 3 ins, 0 del, 410 sub ]
9108
%WER 13.15 [ 425 / 3231, 1 ins, 0 del, 424 sub ]
9614
%WER 13.40 [ 433 / 3231, 2 ins, 0 del, 431 sub ]
10120
%WER 13.77 [ 445 / 3231, 3 ins, 0 del, 442 sub ]
10626
%WER 13.62 [ 440 / 3231, 4 ins, 0 del, 436 sub ]
11132
%WER 14.52 [ 469 / 3231, 3 ins, 0 del, 466 sub ]
11638
%WER 14.02 [ 453 / 3231, 1 ins, 0 del, 452 sub ]
12144
%WER 14.36 [ 464 / 3231, 2 ins, 0 del, 462 sub ]
12650
%WER 14.39 [ 465 / 3231, 18 ins, 0 del, 447 sub ]
13156
%WER 13.96 [ 451 / 3231, 3 ins, 0 del, 448 sub ]
13662
%WER 14.76 [ 477 / 3231, 28 ins, 0 del, 449 sub ]
14168
%WER 13.87 [ 448 / 3231, 7 ins, 0 del, 441 sub ]
14674
%WER 14.79 [ 478 / 3231, 15 ins, 0 del, 463 sub ]
15180
%WER 14.39 [ 465 / 3231, 1 ins, 0 del, 464 sub ]
