312
%WER 19.78 [ 639 / 3231, 6 ins, 0 del, 633 sub ]
624
%WER 19.00 [ 614 / 3231, 4 ins, 0 del, 610 sub ]
936
%WER 17.18 [ 555 / 3231, 5 ins, 0 del, 550 sub ]
1248
%WER 16.31 [ 527 / 3231, 6 ins, 0 del, 521 sub ]
1560
%WER 15.91 [ 514 / 3231, 6 ins, 0 del, 508 sub ]
1872
%WER 15.32 [ 495 / 3231, 7 ins, 0 del, 488 sub ]
2184
%WER 14.73 [ 476 / 3231, 6 ins, 0 del, 470 sub ]
2496
%WER 14.39 [ 465 / 3231, 4 ins, 0 del, 461 sub ]
2808
%WER 14.89 [ 481 / 3231, 3 ins, 0 del, 478 sub ]
3120
%WER 14.92 [ 482 / 3231, 7 ins, 0 del, 475 sub ]
3432
%WER 14.98 [ 484 / 3231, 6 ins, 0 del, 478 sub ]
3744
%WER 14.58 [ 471 / 3231, 7 ins, 0 del, 464 sub ]
4056
%WER 14.86 [ 480 / 3231, 6 ins, 0 del, 474 sub ]
4368
%WER 14.67 [ 474 / 3231, 5 ins, 0 del, 469 sub ]
4680
%WER 15.17 [ 490 / 3231, 12 ins, 0 del, 478 sub ]
4992
%WER 14.79 [ 478 / 3231, 13 ins, 0 del, 465 sub ]
5304
%WER 15.29 [ 494 / 3231, 9 ins, 0 del, 485 sub ]
5616
%WER 14.98 [ 484 / 3231, 12 ins, 0 del, 472 sub ]
5928
%WER 15.35 [ 496 / 3231, 8 ins, 0 del, 488 sub ]
