# align-equal-2D ./exp_true_2d/true_2d_r8_d8_11rows_after_force_state_of_lastrowcol/0.mdl ark:./data_true_2d/train_8r_8d/split20/17/block "ark:text2phone.pl ./lang_true_2d/lang/../dict/lexicon.txt ./lang_true_2d/lang/phones.txt ./data_true_2d/train_8r_8d/split20/17/text|" ark,t:- | gmm-acc-stats-ali-2D --binary=true ./exp_true_2d/true_2d_r8_d8_11rows_after_force_state_of_lastrowcol/0.mdl "ark:apply-cmvn  --utt2spk=ark:./data_true_2d/train_8r_8d/split20/17/utt2spk scp:./data_true_2d/train_8r_8d/split20/17/cmvn.scp scp:./data_true_2d/train_8r_8d/split20/17/feats.scp ark:- |" ark:./data_true_2d/train_8r_8d/split20/17/block ark:- ./exp_true_2d/true_2d_r8_d8_11rows_after_force_state_of_lastrowcol/0.17.acc 
# Started at Tue Mar 31 23:42:09 CST 2020
#
align-equal-2D ./exp_true_2d/true_2d_r8_d8_11rows_after_force_state_of_lastrowcol/0.mdl ark:./data_true_2d/train_8r_8d/split20/17/block 'ark:text2phone.pl ./lang_true_2d/lang/../dict/lexicon.txt ./lang_true_2d/lang/phones.txt ./data_true_2d/train_8r_8d/split20/17/text|' ark,t:- 
gmm-acc-stats-ali-2D --binary=true ./exp_true_2d/true_2d_r8_d8_11rows_after_force_state_of_lastrowcol/0.mdl 'ark:apply-cmvn  --utt2spk=ark:./data_true_2d/train_8r_8d/split20/17/utt2spk scp:./data_true_2d/train_8r_8d/split20/17/cmvn.scp scp:./data_true_2d/train_8r_8d/split20/17/feats.scp ark:- |' ark:./data_true_2d/train_8r_8d/split20/17/block ark:- ./exp_true_2d/true_2d_r8_d8_11rows_after_force_state_of_lastrowcol/0.17.acc 
apply-cmvn --utt2spk=ark:./data_true_2d/train_8r_8d/split20/17/utt2spk scp:./data_true_2d/train_8r_8d/split20/17/cmvn.scp scp:./data_true_2d/train_8r_8d/split20/17/feats.scp ark:- 
LOG (align-equal-2D[5.5]:main():align-equal-2D.cc:140) Success: done 1625 utterances.
LOG (gmm-acc-stats-ali-2D[5.5]:main():gmm-acc-stats-ali-2D.cc:153) Processed 50 utterances; for utterance 1136-f_6614 avg. like is -72.0685 over 99 frames.
LOG (gmm-acc-stats-ali-2D[5.5]:main():gmm-acc-stats-ali-2D.cc:153) Processed 100 utterances; for utterance 1269-f_59A5 avg. like is -73.8493 over 66 frames.
LOG (gmm-acc-stats-ali-2D[5.5]:main():gmm-acc-stats-ali-2D.cc:153) Processed 150 utterances; for utterance 1072-f_544A avg. like is -70.9336 over 99 frames.
LOG (gmm-acc-stats-ali-2D[5.5]:main():gmm-acc-stats-ali-2D.cc:153) Processed 200 utterances; for utterance 1264-f_5B85 avg. like is -65.6653 over 132 frames.
LOG (gmm-acc-stats-ali-2D[5.5]:main():gmm-acc-stats-ali-2D.cc:153) Processed 250 utterances; for utterance 1068-f_5B8F avg. like is -72.8246 over 99 frames.
LOG (gmm-acc-stats-ali-2D[5.5]:main():gmm-acc-stats-ali-2D.cc:153) Processed 300 utterances; for utterance 1266-f_82F9 avg. like is -65.9714 over 66 frames.
LOG (gmm-acc-stats-ali-2D[5.5]:main():gmm-acc-stats-ali-2D.cc:153) Processed 350 utterances; for utterance 349-f_5982 avg. like is -69.4093 over 99 frames.
LOG (gmm-acc-stats-ali-2D[5.5]:main():gmm-acc-stats-ali-2D.cc:153) Processed 400 utterances; for utterance 1252-f_82AD avg. like is -78.3703 over 77 frames.
LOG (gmm-acc-stats-ali-2D[5.5]:main():gmm-acc-stats-ali-2D.cc:153) Processed 450 utterances; for utterance 396-f_8303 avg. like is -67.4085 over 121 frames.
LOG (gmm-acc-stats-ali-2D[5.5]:main():gmm-acc-stats-ali-2D.cc:153) Processed 500 utterances; for utterance 129-f_82AF avg. like is -74.0637 over 99 frames.
LOG (gmm-acc-stats-ali-2D[5.5]:main():gmm-acc-stats-ali-2D.cc:153) Processed 550 utterances; for utterance 1109-f_5B88 avg. like is -63.0063 over 77 frames.
LOG (gmm-acc-stats-ali-2D[5.5]:main():gmm-acc-stats-ali-2D.cc:153) Processed 600 utterances; for utterance 339-f_5987 avg. like is -75.0052 over 165 frames.
LOG (gmm-acc-stats-ali-2D[5.5]:main():gmm-acc-stats-ali-2D.cc:153) Processed 650 utterances; for utterance 127-f_82AC avg. like is -79.4987 over 66 frames.
LOG (gmm-acc-stats-ali-2D[5.5]:main():gmm-acc-stats-ali-2D.cc:153) Processed 700 utterances; for utterance 1038-f_660C avg. like is -71.7159 over 77 frames.
LOG (gmm-acc-stats-ali-2D[5.5]:main():gmm-acc-stats-ali-2D.cc:153) Processed 750 utterances; for utterance 345-f_5978 avg. like is -73.897 over 99 frames.
LOG (gmm-acc-stats-ali-2D[5.5]:main():gmm-acc-stats-ali-2D.cc:153) Processed 800 utterances; for utterance 343-f_5448 avg. like is -80.2055 over 66 frames.
LOG (gmm-acc-stats-ali-2D[5.5]:main():gmm-acc-stats-ali-2D.cc:153) Processed 850 utterances; for utterance 1017-f_5B88 avg. like is -72.2924 over 77 frames.
LOG (gmm-acc-stats-ali-2D[5.5]:main():gmm-acc-stats-ali-2D.cc:153) Processed 900 utterances; for utterance 1140-f_6614 avg. like is -68.8761 over 99 frames.
LOG (gmm-acc-stats-ali-2D[5.5]:main():gmm-acc-stats-ali-2D.cc:153) Processed 950 utterances; for utterance 129-f_5B9D avg. like is -74.8859 over 77 frames.
LOG (gmm-acc-stats-ali-2D[5.5]:main():gmm-acc-stats-ali-2D.cc:153) Processed 1000 utterances; for utterance 205-f_5B8F avg. like is -68.9294 over 77 frames.
LOG (gmm-acc-stats-ali-2D[5.5]:main():gmm-acc-stats-ali-2D.cc:153) Processed 1050 utterances; for utterance 1131-f_82F1 avg. like is -68.0036 over 99 frames.
LOG (gmm-acc-stats-ali-2D[5.5]:main():gmm-acc-stats-ali-2D.cc:153) Processed 1100 utterances; for utterance 1163-f_5978 avg. like is -63.5536 over 176 frames.
LOG (gmm-acc-stats-ali-2D[5.5]:main():gmm-acc-stats-ali-2D.cc:153) Processed 1150 utterances; for utterance 005-f_82B3 avg. like is -73.3055 over 66 frames.
LOG (gmm-acc-stats-ali-2D[5.5]:main():gmm-acc-stats-ali-2D.cc:153) Processed 1200 utterances; for utterance 1120-f_542E avg. like is -69.0043 over 132 frames.
LOG (gmm-acc-stats-ali-2D[5.5]:main():gmm-acc-stats-ali-2D.cc:153) Processed 1250 utterances; for utterance 262-f_5408 avg. like is -66.9483 over 121 frames.
LOG (gmm-acc-stats-ali-2D[5.5]:main():gmm-acc-stats-ali-2D.cc:153) Processed 1300 utterances; for utterance 1233-f_65F7 avg. like is -72.5468 over 77 frames.
LOG (gmm-acc-stats-ali-2D[5.5]:main():gmm-acc-stats-ali-2D.cc:153) Processed 1350 utterances; for utterance 416-f_660C avg. like is -77.9239 over 88 frames.
LOG (gmm-acc-stats-ali-2D[5.5]:main():gmm-acc-stats-ali-2D.cc:153) Processed 1400 utterances; for utterance 328-f_65F6 avg. like is -76.6376 over 99 frames.
LOG (gmm-acc-stats-ali-2D[5.5]:main():gmm-acc-stats-ali-2D.cc:153) Processed 1450 utterances; for utterance 1094-f_5B9D avg. like is -72.663 over 88 frames.
LOG (gmm-acc-stats-ali-2D[5.5]:main():gmm-acc-stats-ali-2D.cc:153) Processed 1500 utterances; for utterance 1112-f_5987 avg. like is -72.281 over 121 frames.
LOG (gmm-acc-stats-ali-2D[5.5]:main():gmm-acc-stats-ali-2D.cc:153) Processed 1550 utterances; for utterance 099-f_5B87 avg. like is -72.0565 over 77 frames.
LOG (gmm-acc-stats-ali-2D[5.5]:main():gmm-acc-stats-ali-2D.cc:153) Processed 1600 utterances; for utterance 1298-f_5B89 avg. like is -71.6925 over 99 frames.
LOG (apply-cmvn[5.5]:main():apply-cmvn.cc:162) Applied cepstral mean normalization to 1625 utterances, errors on 0
LOG (gmm-acc-stats-ali-2D[5.5]:main():gmm-acc-stats-ali-2D.cc:160) Done 1625 files, 0 with errors.
LOG (gmm-acc-stats-ali-2D[5.5]:main():gmm-acc-stats-ali-2D.cc:164) Overall avg like per frame (Gaussian only) = -70.8274 over 159478 frames.
LOG (gmm-acc-stats-ali-2D[5.5]:main():gmm-acc-stats-ali-2D.cc:173) Written accs.
# Accounting: time=0 threads=1
# Ended (code 0) at Tue Mar 31 23:42:09 CST 2020, elapsed time 0 seconds
