# align-equal-2D ./exp_true_2d/true_2d_r8_d8_11rows_after_force_state_of_lastrowcol/0.mdl ark:./data_true_2d/train_8r_8d/split20/19/block "ark:text2phone.pl ./lang_true_2d/lang/../dict/lexicon.txt ./lang_true_2d/lang/phones.txt ./data_true_2d/train_8r_8d/split20/19/text|" ark,t:- | gmm-acc-stats-ali-2D --binary=true ./exp_true_2d/true_2d_r8_d8_11rows_after_force_state_of_lastrowcol/0.mdl "ark:apply-cmvn  --utt2spk=ark:./data_true_2d/train_8r_8d/split20/19/utt2spk scp:./data_true_2d/train_8r_8d/split20/19/cmvn.scp scp:./data_true_2d/train_8r_8d/split20/19/feats.scp ark:- |" ark:./data_true_2d/train_8r_8d/split20/19/block ark:- ./exp_true_2d/true_2d_r8_d8_11rows_after_force_state_of_lastrowcol/0.19.acc 
# Started at Tue Mar 31 23:42:09 CST 2020
#
align-equal-2D ./exp_true_2d/true_2d_r8_d8_11rows_after_force_state_of_lastrowcol/0.mdl ark:./data_true_2d/train_8r_8d/split20/19/block 'ark:text2phone.pl ./lang_true_2d/lang/../dict/lexicon.txt ./lang_true_2d/lang/phones.txt ./data_true_2d/train_8r_8d/split20/19/text|' ark,t:- 
gmm-acc-stats-ali-2D --binary=true ./exp_true_2d/true_2d_r8_d8_11rows_after_force_state_of_lastrowcol/0.mdl 'ark:apply-cmvn  --utt2spk=ark:./data_true_2d/train_8r_8d/split20/19/utt2spk scp:./data_true_2d/train_8r_8d/split20/19/cmvn.scp scp:./data_true_2d/train_8r_8d/split20/19/feats.scp ark:- |' ark:./data_true_2d/train_8r_8d/split20/19/block ark:- ./exp_true_2d/true_2d_r8_d8_11rows_after_force_state_of_lastrowcol/0.19.acc 
apply-cmvn --utt2spk=ark:./data_true_2d/train_8r_8d/split20/19/utt2spk scp:./data_true_2d/train_8r_8d/split20/19/cmvn.scp scp:./data_true_2d/train_8r_8d/split20/19/feats.scp ark:- 
LOG (align-equal-2D[5.5]:main():align-equal-2D.cc:140) Success: done 1625 utterances.
LOG (gmm-acc-stats-ali-2D[5.5]:main():gmm-acc-stats-ali-2D.cc:153) Processed 50 utterances; for utterance 100-f_5973 avg. like is -72.8696 over 88 frames.
LOG (gmm-acc-stats-ali-2D[5.5]:main():gmm-acc-stats-ali-2D.cc:153) Processed 100 utterances; for utterance 273-f_6614 avg. like is -60.6652 over 77 frames.
LOG (gmm-acc-stats-ali-2D[5.5]:main():gmm-acc-stats-ali-2D.cc:153) Processed 150 utterances; for utterance 407-f_5401 avg. like is -57.4967 over 143 frames.
LOG (gmm-acc-stats-ali-2D[5.5]:main():gmm-acc-stats-ali-2D.cc:153) Processed 200 utterances; for utterance 377-f_5413 avg. like is -73.5906 over 77 frames.
LOG (gmm-acc-stats-ali-2D[5.5]:main():gmm-acc-stats-ali-2D.cc:153) Processed 250 utterances; for utterance 317-f_5B8C avg. like is -70.0401 over 110 frames.
LOG (gmm-acc-stats-ali-2D[5.5]:main():gmm-acc-stats-ali-2D.cc:153) Processed 300 utterances; for utterance 072-f_5401 avg. like is -76.6477 over 99 frames.
LOG (gmm-acc-stats-ali-2D[5.5]:main():gmm-acc-stats-ali-2D.cc:153) Processed 350 utterances; for utterance 197-f_5B87 avg. like is -73.1444 over 44 frames.
LOG (gmm-acc-stats-ali-2D[5.5]:main():gmm-acc-stats-ali-2D.cc:153) Processed 400 utterances; for utterance 386-f_5403 avg. like is -64.8931 over 121 frames.
LOG (gmm-acc-stats-ali-2D[5.5]:main():gmm-acc-stats-ali-2D.cc:153) Processed 450 utterances; for utterance 074-f_5B8C avg. like is -78.9365 over 99 frames.
LOG (gmm-acc-stats-ali-2D[5.5]:main():gmm-acc-stats-ali-2D.cc:153) Processed 500 utterances; for utterance 053-f_5408 avg. like is -69.8393 over 110 frames.
LOG (gmm-acc-stats-ali-2D[5.5]:main():gmm-acc-stats-ali-2D.cc:153) Processed 550 utterances; for utterance 191-f_5B8C avg. like is -73.2626 over 77 frames.
LOG (gmm-acc-stats-ali-2D[5.5]:main():gmm-acc-stats-ali-2D.cc:153) Processed 600 utterances; for utterance 321-f_542E avg. like is -66.708 over 143 frames.
LOG (gmm-acc-stats-ali-2D[5.5]:main():gmm-acc-stats-ali-2D.cc:153) Processed 650 utterances; for utterance 1265-f_5B89 avg. like is -70.4312 over 88 frames.
LOG (gmm-acc-stats-ali-2D[5.5]:main():gmm-acc-stats-ali-2D.cc:153) Processed 700 utterances; for utterance 413-f_5978 avg. like is -64.8187 over 143 frames.
LOG (gmm-acc-stats-ali-2D[5.5]:main():gmm-acc-stats-ali-2D.cc:153) Processed 750 utterances; for utterance 011-f_5B9B avg. like is -71.8517 over 121 frames.
LOG (gmm-acc-stats-ali-2D[5.5]:main():gmm-acc-stats-ali-2D.cc:153) Processed 800 utterances; for utterance 418-f_5B8F avg. like is -74.3879 over 88 frames.
LOG (gmm-acc-stats-ali-2D[5.5]:main():gmm-acc-stats-ali-2D.cc:153) Processed 850 utterances; for utterance 214-f_5415 avg. like is -74.4471 over 88 frames.
LOG (gmm-acc-stats-ali-2D[5.5]:main():gmm-acc-stats-ali-2D.cc:153) Processed 900 utterances; for utterance 275-f_5B87 avg. like is -73.63 over 77 frames.
LOG (gmm-acc-stats-ali-2D[5.5]:main():gmm-acc-stats-ali-2D.cc:153) Processed 950 utterances; for utterance 1054-f_5413 avg. like is -62.8502 over 99 frames.
LOG (gmm-acc-stats-ali-2D[5.5]:main():gmm-acc-stats-ali-2D.cc:153) Processed 1000 utterances; for utterance 318-f_5B8F avg. like is -70.6223 over 88 frames.
LOG (gmm-acc-stats-ali-2D[5.5]:main():gmm-acc-stats-ali-2D.cc:153) Processed 1050 utterances; for utterance 386-f_660C avg. like is -77.9117 over 66 frames.
LOG (gmm-acc-stats-ali-2D[5.5]:main():gmm-acc-stats-ali-2D.cc:153) Processed 1100 utterances; for utterance 336-f_660E avg. like is -71.5261 over 66 frames.
LOG (gmm-acc-stats-ali-2D[5.5]:main():gmm-acc-stats-ali-2D.cc:153) Processed 1150 utterances; for utterance 389-f_5988 avg. like is -73.9978 over 110 frames.
LOG (gmm-acc-stats-ali-2D[5.5]:main():gmm-acc-stats-ali-2D.cc:153) Processed 1200 utterances; for utterance 1172-f_5976 avg. like is -68.379 over 110 frames.
LOG (gmm-acc-stats-ali-2D[5.5]:main():gmm-acc-stats-ali-2D.cc:153) Processed 1250 utterances; for utterance 1241-f_82B3 avg. like is -75.9614 over 55 frames.
LOG (gmm-acc-stats-ali-2D[5.5]:main():gmm-acc-stats-ali-2D.cc:153) Processed 1300 utterances; for utterance 142-f_82B3 avg. like is -70.7632 over 88 frames.
LOG (gmm-acc-stats-ali-2D[5.5]:main():gmm-acc-stats-ali-2D.cc:153) Processed 1350 utterances; for utterance 156-f_82B9 avg. like is -71.9648 over 55 frames.
LOG (gmm-acc-stats-ali-2D[5.5]:main():gmm-acc-stats-ali-2D.cc:153) Processed 1400 utterances; for utterance 1060-f_597D avg. like is -75.6203 over 132 frames.
LOG (gmm-acc-stats-ali-2D[5.5]:main():gmm-acc-stats-ali-2D.cc:153) Processed 1450 utterances; for utterance 1133-f_59A5 avg. like is -67.9835 over 55 frames.
LOG (gmm-acc-stats-ali-2D[5.5]:main():gmm-acc-stats-ali-2D.cc:153) Processed 1500 utterances; for utterance 1264-f_82B3 avg. like is -65.3654 over 66 frames.
LOG (gmm-acc-stats-ali-2D[5.5]:main():gmm-acc-stats-ali-2D.cc:153) Processed 1550 utterances; for utterance 1220-f_660C avg. like is -79.9563 over 66 frames.
LOG (gmm-acc-stats-ali-2D[5.5]:main():gmm-acc-stats-ali-2D.cc:153) Processed 1600 utterances; for utterance 1199-f_5403 avg. like is -66.9075 over 132 frames.
LOG (apply-cmvn[5.5]:main():apply-cmvn.cc:162) Applied cepstral mean normalization to 1625 utterances, errors on 0
LOG (gmm-acc-stats-ali-2D[5.5]:main():gmm-acc-stats-ali-2D.cc:160) Done 1625 files, 0 with errors.
LOG (gmm-acc-stats-ali-2D[5.5]:main():gmm-acc-stats-ali-2D.cc:164) Overall avg like per frame (Gaussian only) = -71.1345 over 158499 frames.
LOG (gmm-acc-stats-ali-2D[5.5]:main():gmm-acc-stats-ali-2D.cc:173) Written accs.
# Accounting: time=0 threads=1
# Ended (code 0) at Tue Mar 31 23:42:09 CST 2020, elapsed time 0 seconds
