# align-equal-2D ./exp_true_2d/true_2d_r8_d8_11rows_after_force_state_of_lastrowcol/0.mdl ark:./data_true_2d/train_8r_8d/split20/8/block "ark:text2phone.pl ./lang_true_2d/lang/../dict/lexicon.txt ./lang_true_2d/lang/phones.txt ./data_true_2d/train_8r_8d/split20/8/text|" ark,t:- | gmm-acc-stats-ali-2D --binary=true ./exp_true_2d/true_2d_r8_d8_11rows_after_force_state_of_lastrowcol/0.mdl "ark:apply-cmvn  --utt2spk=ark:./data_true_2d/train_8r_8d/split20/8/utt2spk scp:./data_true_2d/train_8r_8d/split20/8/cmvn.scp scp:./data_true_2d/train_8r_8d/split20/8/feats.scp ark:- |" ark:./data_true_2d/train_8r_8d/split20/8/block ark:- ./exp_true_2d/true_2d_r8_d8_11rows_after_force_state_of_lastrowcol/0.8.acc 
# Started at Tue Mar 31 23:42:08 CST 2020
#
gmm-acc-stats-ali-2D --binary=true ./exp_true_2d/true_2d_r8_d8_11rows_after_force_state_of_lastrowcol/0.mdl 'ark:apply-cmvn  --utt2spk=ark:./data_true_2d/train_8r_8d/split20/8/utt2spk scp:./data_true_2d/train_8r_8d/split20/8/cmvn.scp scp:./data_true_2d/train_8r_8d/split20/8/feats.scp ark:- |' ark:./data_true_2d/train_8r_8d/split20/8/block ark:- ./exp_true_2d/true_2d_r8_d8_11rows_after_force_state_of_lastrowcol/0.8.acc 
align-equal-2D ./exp_true_2d/true_2d_r8_d8_11rows_after_force_state_of_lastrowcol/0.mdl ark:./data_true_2d/train_8r_8d/split20/8/block 'ark:text2phone.pl ./lang_true_2d/lang/../dict/lexicon.txt ./lang_true_2d/lang/phones.txt ./data_true_2d/train_8r_8d/split20/8/text|' ark,t:- 
apply-cmvn --utt2spk=ark:./data_true_2d/train_8r_8d/split20/8/utt2spk scp:./data_true_2d/train_8r_8d/split20/8/cmvn.scp scp:./data_true_2d/train_8r_8d/split20/8/feats.scp ark:- 
LOG (align-equal-2D[5.5]:main():align-equal-2D.cc:140) Success: done 1625 utterances.
LOG (gmm-acc-stats-ali-2D[5.5]:main():gmm-acc-stats-ali-2D.cc:153) Processed 50 utterances; for utterance 287-f_5987 avg. like is -78.8806 over 99 frames.
LOG (gmm-acc-stats-ali-2D[5.5]:main():gmm-acc-stats-ali-2D.cc:153) Processed 100 utterances; for utterance 100-f_5982 avg. like is -73.3597 over 110 frames.
LOG (gmm-acc-stats-ali-2D[5.5]:main():gmm-acc-stats-ali-2D.cc:153) Processed 150 utterances; for utterance 1144-f_65E6 avg. like is -65.3384 over 99 frames.
LOG (gmm-acc-stats-ali-2D[5.5]:main():gmm-acc-stats-ali-2D.cc:153) Processed 200 utterances; for utterance 137-f_5987 avg. like is -65.8922 over 154 frames.
LOG (gmm-acc-stats-ali-2D[5.5]:main():gmm-acc-stats-ali-2D.cc:153) Processed 250 utterances; for utterance 1178-f_5986 avg. like is -68.9174 over 110 frames.
LOG (gmm-acc-stats-ali-2D[5.5]:main():gmm-acc-stats-ali-2D.cc:153) Processed 300 utterances; for utterance 1123-f_82EF avg. like is -66.2004 over 88 frames.
LOG (gmm-acc-stats-ali-2D[5.5]:main():gmm-acc-stats-ali-2D.cc:153) Processed 350 utterances; for utterance 331-f_5B89 avg. like is -69.4774 over 77 frames.
LOG (gmm-acc-stats-ali-2D[5.5]:main():gmm-acc-stats-ali-2D.cc:153) Processed 400 utterances; for utterance 134-f_5978 avg. like is -73.7226 over 88 frames.
LOG (gmm-acc-stats-ali-2D[5.5]:main():gmm-acc-stats-ali-2D.cc:153) Processed 450 utterances; for utterance 1031-f_5B8C avg. like is -69.7264 over 110 frames.
LOG (gmm-acc-stats-ali-2D[5.5]:main():gmm-acc-stats-ali-2D.cc:153) Processed 500 utterances; for utterance 207-f_597D avg. like is -73.4126 over 99 frames.
LOG (gmm-acc-stats-ali-2D[5.5]:main():gmm-acc-stats-ali-2D.cc:153) Processed 550 utterances; for utterance 380-f_5B87 avg. like is -76.5419 over 77 frames.
LOG (gmm-acc-stats-ali-2D[5.5]:main():gmm-acc-stats-ali-2D.cc:153) Processed 600 utterances; for utterance 029-f_5973 avg. like is -74.0936 over 88 frames.
LOG (gmm-acc-stats-ali-2D[5.5]:main():gmm-acc-stats-ali-2D.cc:153) Processed 650 utterances; for utterance 1118-f_542E avg. like is -74.6203 over 110 frames.
LOG (gmm-acc-stats-ali-2D[5.5]:main():gmm-acc-stats-ali-2D.cc:153) Processed 700 utterances; for utterance 022-f_660C avg. like is -76.4522 over 77 frames.
LOG (gmm-acc-stats-ali-2D[5.5]:main():gmm-acc-stats-ali-2D.cc:153) Processed 750 utterances; for utterance 334-f_65E6 avg. like is -68.8364 over 110 frames.
LOG (gmm-acc-stats-ali-2D[5.5]:main():gmm-acc-stats-ali-2D.cc:153) Processed 800 utterances; for utterance 1283-f_5B9B avg. like is -73.4386 over 99 frames.
LOG (gmm-acc-stats-ali-2D[5.5]:main():gmm-acc-stats-ali-2D.cc:153) Processed 850 utterances; for utterance 208-f_5B85 avg. like is -75.7125 over 99 frames.
LOG (gmm-acc-stats-ali-2D[5.5]:main():gmm-acc-stats-ali-2D.cc:153) Processed 900 utterances; for utterance 1225-f_65F6 avg. like is -71.4718 over 99 frames.
LOG (gmm-acc-stats-ali-2D[5.5]:main():gmm-acc-stats-ali-2D.cc:153) Processed 950 utterances; for utterance 146-f_660E avg. like is -81.1275 over 99 frames.
LOG (gmm-acc-stats-ali-2D[5.5]:main():gmm-acc-stats-ali-2D.cc:153) Processed 1000 utterances; for utterance 1199-f_6614 avg. like is -70.5197 over 77 frames.
LOG (gmm-acc-stats-ali-2D[5.5]:main():gmm-acc-stats-ali-2D.cc:153) Processed 1050 utterances; for utterance 1204-f_597D avg. like is -70.1572 over 121 frames.
LOG (gmm-acc-stats-ali-2D[5.5]:main():gmm-acc-stats-ali-2D.cc:153) Processed 1100 utterances; for utterance 1091-f_65E7 avg. like is -70.3807 over 110 frames.
LOG (gmm-acc-stats-ali-2D[5.5]:main():gmm-acc-stats-ali-2D.cc:153) Processed 1150 utterances; for utterance 420-f_5987 avg. like is -68.4804 over 99 frames.
LOG (gmm-acc-stats-ali-2D[5.5]:main():gmm-acc-stats-ali-2D.cc:153) Processed 1200 utterances; for utterance 1168-f_82AD avg. like is -72.0611 over 77 frames.
LOG (gmm-acc-stats-ali-2D[5.5]:main():gmm-acc-stats-ali-2D.cc:153) Processed 1250 utterances; for utterance 363-f_5438 avg. like is -75.5565 over 110 frames.
LOG (gmm-acc-stats-ali-2D[5.5]:main():gmm-acc-stats-ali-2D.cc:153) Processed 1300 utterances; for utterance 360-f_5B8C avg. like is -73.1249 over 77 frames.
LOG (gmm-acc-stats-ali-2D[5.5]:main():gmm-acc-stats-ali-2D.cc:153) Processed 1350 utterances; for utterance 1003-f_597D avg. like is -71.8476 over 110 frames.
LOG (gmm-acc-stats-ali-2D[5.5]:main():gmm-acc-stats-ali-2D.cc:153) Processed 1400 utterances; for utterance 345-f_5974 avg. like is -75.4089 over 99 frames.
LOG (gmm-acc-stats-ali-2D[5.5]:main():gmm-acc-stats-ali-2D.cc:153) Processed 1450 utterances; for utterance 171-f_5B89 avg. like is -73.9196 over 88 frames.
LOG (gmm-acc-stats-ali-2D[5.5]:main():gmm-acc-stats-ali-2D.cc:153) Processed 1500 utterances; for utterance 398-f_5986 avg. like is -70.1569 over 88 frames.
LOG (gmm-acc-stats-ali-2D[5.5]:main():gmm-acc-stats-ali-2D.cc:153) Processed 1550 utterances; for utterance 1094-f_597D avg. like is -73.1889 over 121 frames.
LOG (gmm-acc-stats-ali-2D[5.5]:main():gmm-acc-stats-ali-2D.cc:153) Processed 1600 utterances; for utterance 193-f_5B8B avg. like is -67.4497 over 110 frames.
LOG (apply-cmvn[5.5]:main():apply-cmvn.cc:162) Applied cepstral mean normalization to 1625 utterances, errors on 0
LOG (gmm-acc-stats-ali-2D[5.5]:main():gmm-acc-stats-ali-2D.cc:160) Done 1625 files, 0 with errors.
LOG (gmm-acc-stats-ali-2D[5.5]:main():gmm-acc-stats-ali-2D.cc:164) Overall avg like per frame (Gaussian only) = -70.9942 over 160930 frames.
LOG (gmm-acc-stats-ali-2D[5.5]:main():gmm-acc-stats-ali-2D.cc:173) Written accs.
# Accounting: time=0 threads=1
# Ended (code 0) at Tue Mar 31 23:42:08 CST 2020, elapsed time 0 seconds
