# align-equal-2D ./exp_true_2d/true_2d_r8_d8_11rows_after_force_state_of_lastrowcol/0.mdl ark:./data_true_2d/train_8r_8d/split20/3/block "ark:text2phone.pl ./lang_true_2d/lang/../dict/lexicon.txt ./lang_true_2d/lang/phones.txt ./data_true_2d/train_8r_8d/split20/3/text|" ark,t:- | gmm-acc-stats-ali-2D --binary=true ./exp_true_2d/true_2d_r8_d8_11rows_after_force_state_of_lastrowcol/0.mdl "ark:apply-cmvn  --utt2spk=ark:./data_true_2d/train_8r_8d/split20/3/utt2spk scp:./data_true_2d/train_8r_8d/split20/3/cmvn.scp scp:./data_true_2d/train_8r_8d/split20/3/feats.scp ark:- |" ark:./data_true_2d/train_8r_8d/split20/3/block ark:- ./exp_true_2d/true_2d_r8_d8_11rows_after_force_state_of_lastrowcol/0.3.acc 
# Started at Tue Mar 31 23:42:08 CST 2020
#
gmm-acc-stats-ali-2D --binary=true ./exp_true_2d/true_2d_r8_d8_11rows_after_force_state_of_lastrowcol/0.mdl 'ark:apply-cmvn  --utt2spk=ark:./data_true_2d/train_8r_8d/split20/3/utt2spk scp:./data_true_2d/train_8r_8d/split20/3/cmvn.scp scp:./data_true_2d/train_8r_8d/split20/3/feats.scp ark:- |' ark:./data_true_2d/train_8r_8d/split20/3/block ark:- ./exp_true_2d/true_2d_r8_d8_11rows_after_force_state_of_lastrowcol/0.3.acc 
align-equal-2D ./exp_true_2d/true_2d_r8_d8_11rows_after_force_state_of_lastrowcol/0.mdl ark:./data_true_2d/train_8r_8d/split20/3/block 'ark:text2phone.pl ./lang_true_2d/lang/../dict/lexicon.txt ./lang_true_2d/lang/phones.txt ./data_true_2d/train_8r_8d/split20/3/text|' ark,t:- 
apply-cmvn --utt2spk=ark:./data_true_2d/train_8r_8d/split20/3/utt2spk scp:./data_true_2d/train_8r_8d/split20/3/cmvn.scp scp:./data_true_2d/train_8r_8d/split20/3/feats.scp ark:- 
LOG (align-equal-2D[5.5]:main():align-equal-2D.cc:140) Success: done 1626 utterances.
LOG (gmm-acc-stats-ali-2D[5.5]:main():gmm-acc-stats-ali-2D.cc:153) Processed 50 utterances; for utterance 339-f_5B81 avg. like is -69.7738 over 77 frames.
LOG (gmm-acc-stats-ali-2D[5.5]:main():gmm-acc-stats-ali-2D.cc:153) Processed 100 utterances; for utterance 279-f_5B85 avg. like is -73.825 over 99 frames.
LOG (gmm-acc-stats-ali-2D[5.5]:main():gmm-acc-stats-ali-2D.cc:153) Processed 150 utterances; for utterance 032-f_65F1 avg. like is -74.5276 over 66 frames.
LOG (gmm-acc-stats-ali-2D[5.5]:main():gmm-acc-stats-ali-2D.cc:153) Processed 200 utterances; for utterance 113-f_597D avg. like is -77.4922 over 154 frames.
LOG (gmm-acc-stats-ali-2D[5.5]:main():gmm-acc-stats-ali-2D.cc:153) Processed 250 utterances; for utterance 202-f_543E avg. like is -77.8071 over 77 frames.
LOG (gmm-acc-stats-ali-2D[5.5]:main():gmm-acc-stats-ali-2D.cc:153) Processed 300 utterances; for utterance 1290-f_65E9 avg. like is -74.8569 over 88 frames.
LOG (gmm-acc-stats-ali-2D[5.5]:main():gmm-acc-stats-ali-2D.cc:153) Processed 350 utterances; for utterance 259-f_82F1 avg. like is -75.8184 over 88 frames.
LOG (gmm-acc-stats-ali-2D[5.5]:main():gmm-acc-stats-ali-2D.cc:153) Processed 400 utterances; for utterance 187-f_5438 avg. like is -71.0664 over 132 frames.
LOG (gmm-acc-stats-ali-2D[5.5]:main():gmm-acc-stats-ali-2D.cc:153) Processed 450 utterances; for utterance 1059-f_82EF avg. like is -64.8809 over 77 frames.
LOG (gmm-acc-stats-ali-2D[5.5]:main():gmm-acc-stats-ali-2D.cc:153) Processed 500 utterances; for utterance 1236-f_597D avg. like is -71.7128 over 88 frames.
LOG (gmm-acc-stats-ali-2D[5.5]:main():gmm-acc-stats-ali-2D.cc:153) Processed 550 utterances; for utterance 144-f_82AC avg. like is -73.8686 over 66 frames.
LOG (gmm-acc-stats-ali-2D[5.5]:main():gmm-acc-stats-ali-2D.cc:153) Processed 600 utterances; for utterance 1255-f_65E6 avg. like is -61.1649 over 176 frames.
LOG (gmm-acc-stats-ali-2D[5.5]:main():gmm-acc-stats-ali-2D.cc:153) Processed 650 utterances; for utterance 112-f_5B89 avg. like is -76.8732 over 99 frames.
LOG (gmm-acc-stats-ali-2D[5.5]:main():gmm-acc-stats-ali-2D.cc:153) Processed 700 utterances; for utterance 322-f_82AD avg. like is -74.5959 over 99 frames.
LOG (gmm-acc-stats-ali-2D[5.5]:main():gmm-acc-stats-ali-2D.cc:153) Processed 750 utterances; for utterance 1108-f_5987 avg. like is -68.5568 over 77 frames.
LOG (gmm-acc-stats-ali-2D[5.5]:main():gmm-acc-stats-ali-2D.cc:153) Processed 800 utterances; for utterance 124-f_5B89 avg. like is -70.4278 over 132 frames.
LOG (gmm-acc-stats-ali-2D[5.5]:main():gmm-acc-stats-ali-2D.cc:153) Processed 850 utterances; for utterance 1104-f_544A avg. like is -68.2063 over 88 frames.
LOG (gmm-acc-stats-ali-2D[5.5]:main():gmm-acc-stats-ali-2D.cc:153) Processed 900 utterances; for utterance 1153-f_544A avg. like is -72.1589 over 55 frames.
LOG (gmm-acc-stats-ali-2D[5.5]:main():gmm-acc-stats-ali-2D.cc:153) Processed 950 utterances; for utterance 1168-f_5986 avg. like is -65.6903 over 99 frames.
LOG (gmm-acc-stats-ali-2D[5.5]:main():gmm-acc-stats-ali-2D.cc:153) Processed 1000 utterances; for utterance 090-f_5988 avg. like is -72.7605 over 121 frames.
LOG (gmm-acc-stats-ali-2D[5.5]:main():gmm-acc-stats-ali-2D.cc:153) Processed 1050 utterances; for utterance 1014-f_65E5 avg. like is -78.817 over 77 frames.
LOG (gmm-acc-stats-ali-2D[5.5]:main():gmm-acc-stats-ali-2D.cc:153) Processed 1100 utterances; for utterance 181-f_82B3 avg. like is -75.7936 over 99 frames.
LOG (gmm-acc-stats-ali-2D[5.5]:main():gmm-acc-stats-ali-2D.cc:153) Processed 1150 utterances; for utterance 1046-f_5B88 avg. like is -66.4845 over 132 frames.
LOG (gmm-acc-stats-ali-2D[5.5]:main():gmm-acc-stats-ali-2D.cc:153) Processed 1200 utterances; for utterance 1254-f_5B8B avg. like is -72.8029 over 77 frames.
LOG (gmm-acc-stats-ali-2D[5.5]:main():gmm-acc-stats-ali-2D.cc:153) Processed 1250 utterances; for utterance 315-f_5B89 avg. like is -75.2486 over 99 frames.
LOG (gmm-acc-stats-ali-2D[5.5]:main():gmm-acc-stats-ali-2D.cc:153) Processed 1300 utterances; for utterance 171-f_82F1 avg. like is -76.0183 over 66 frames.
LOG (gmm-acc-stats-ali-2D[5.5]:main():gmm-acc-stats-ali-2D.cc:153) Processed 1350 utterances; for utterance 113-f_82B1 avg. like is -73.5069 over 77 frames.
LOG (gmm-acc-stats-ali-2D[5.5]:main():gmm-acc-stats-ali-2D.cc:153) Processed 1400 utterances; for utterance 1158-f_65F6 avg. like is -71.2915 over 143 frames.
LOG (gmm-acc-stats-ali-2D[5.5]:main():gmm-acc-stats-ali-2D.cc:153) Processed 1450 utterances; for utterance 1253-f_82B1 avg. like is -65.4739 over 88 frames.
LOG (gmm-acc-stats-ali-2D[5.5]:main():gmm-acc-stats-ali-2D.cc:153) Processed 1500 utterances; for utterance 389-f_5403 avg. like is -61.748 over 187 frames.
LOG (gmm-acc-stats-ali-2D[5.5]:main():gmm-acc-stats-ali-2D.cc:153) Processed 1550 utterances; for utterance 1199-f_5448 avg. like is -72.7205 over 66 frames.
LOG (gmm-acc-stats-ali-2D[5.5]:main():gmm-acc-stats-ali-2D.cc:153) Processed 1600 utterances; for utterance 1192-f_5401 avg. like is -68.7146 over 121 frames.
LOG (apply-cmvn[5.5]:main():apply-cmvn.cc:162) Applied cepstral mean normalization to 1626 utterances, errors on 0
LOG (gmm-acc-stats-ali-2D[5.5]:main():gmm-acc-stats-ali-2D.cc:160) Done 1626 files, 0 with errors.
LOG (gmm-acc-stats-ali-2D[5.5]:main():gmm-acc-stats-ali-2D.cc:164) Overall avg like per frame (Gaussian only) = -70.9506 over 160666 frames.
LOG (gmm-acc-stats-ali-2D[5.5]:main():gmm-acc-stats-ali-2D.cc:173) Written accs.
# Accounting: time=0 threads=1
# Ended (code 0) at Tue Mar 31 23:42:08 CST 2020, elapsed time 0 seconds
