# align-equal-2D ./exp_true_2d/true_2d_r8_d8_11rows_after_force_state_of_lastrowcol/0.mdl ark:./data_true_2d/train_8r_8d/split20/5/block "ark:text2phone.pl ./lang_true_2d/lang/../dict/lexicon.txt ./lang_true_2d/lang/phones.txt ./data_true_2d/train_8r_8d/split20/5/text|" ark,t:- | gmm-acc-stats-ali-2D --binary=true ./exp_true_2d/true_2d_r8_d8_11rows_after_force_state_of_lastrowcol/0.mdl "ark:apply-cmvn  --utt2spk=ark:./data_true_2d/train_8r_8d/split20/5/utt2spk scp:./data_true_2d/train_8r_8d/split20/5/cmvn.scp scp:./data_true_2d/train_8r_8d/split20/5/feats.scp ark:- |" ark:./data_true_2d/train_8r_8d/split20/5/block ark:- ./exp_true_2d/true_2d_r8_d8_11rows_after_force_state_of_lastrowcol/0.5.acc 
# Started at Tue Mar 31 23:42:08 CST 2020
#
gmm-acc-stats-ali-2D --binary=true ./exp_true_2d/true_2d_r8_d8_11rows_after_force_state_of_lastrowcol/0.mdl 'ark:apply-cmvn  --utt2spk=ark:./data_true_2d/train_8r_8d/split20/5/utt2spk scp:./data_true_2d/train_8r_8d/split20/5/cmvn.scp scp:./data_true_2d/train_8r_8d/split20/5/feats.scp ark:- |' ark:./data_true_2d/train_8r_8d/split20/5/block ark:- ./exp_true_2d/true_2d_r8_d8_11rows_after_force_state_of_lastrowcol/0.5.acc 
align-equal-2D ./exp_true_2d/true_2d_r8_d8_11rows_after_force_state_of_lastrowcol/0.mdl ark:./data_true_2d/train_8r_8d/split20/5/block 'ark:text2phone.pl ./lang_true_2d/lang/../dict/lexicon.txt ./lang_true_2d/lang/phones.txt ./data_true_2d/train_8r_8d/split20/5/text|' ark,t:- 
apply-cmvn --utt2spk=ark:./data_true_2d/train_8r_8d/split20/5/utt2spk scp:./data_true_2d/train_8r_8d/split20/5/cmvn.scp scp:./data_true_2d/train_8r_8d/split20/5/feats.scp ark:- 
LOG (align-equal-2D[5.5]:main():align-equal-2D.cc:140) Success: done 1626 utterances.
LOG (gmm-acc-stats-ali-2D[5.5]:main():gmm-acc-stats-ali-2D.cc:153) Processed 50 utterances; for utterance 042-f_5B8F avg. like is -73.6909 over 88 frames.
LOG (gmm-acc-stats-ali-2D[5.5]:main():gmm-acc-stats-ali-2D.cc:153) Processed 100 utterances; for utterance 1151-f_5415 avg. like is -76.7276 over 66 frames.
LOG (gmm-acc-stats-ali-2D[5.5]:main():gmm-acc-stats-ali-2D.cc:153) Processed 150 utterances; for utterance 239-f_65E5 avg. like is -71.9145 over 77 frames.
LOG (gmm-acc-stats-ali-2D[5.5]:main():gmm-acc-stats-ali-2D.cc:153) Processed 200 utterances; for utterance 1022-f_5413 avg. like is -69.0227 over 99 frames.
LOG (gmm-acc-stats-ali-2D[5.5]:main():gmm-acc-stats-ali-2D.cc:153) Processed 250 utterances; for utterance 027-f_597D avg. like is -71.2586 over 154 frames.
LOG (gmm-acc-stats-ali-2D[5.5]:main():gmm-acc-stats-ali-2D.cc:153) Processed 300 utterances; for utterance 144-f_82B9 avg. like is -73.7976 over 66 frames.
LOG (gmm-acc-stats-ali-2D[5.5]:main():gmm-acc-stats-ali-2D.cc:153) Processed 350 utterances; for utterance 177-f_660E avg. like is -68.4915 over 99 frames.
LOG (gmm-acc-stats-ali-2D[5.5]:main():gmm-acc-stats-ali-2D.cc:153) Processed 400 utterances; for utterance 1019-f_597D avg. like is -69.2537 over 110 frames.
LOG (gmm-acc-stats-ali-2D[5.5]:main():gmm-acc-stats-ali-2D.cc:153) Processed 450 utterances; for utterance 1063-f_6614 avg. like is -74.4294 over 77 frames.
LOG (gmm-acc-stats-ali-2D[5.5]:main():gmm-acc-stats-ali-2D.cc:153) Processed 500 utterances; for utterance 1200-f_5401 avg. like is -71.0389 over 99 frames.
LOG (gmm-acc-stats-ali-2D[5.5]:main():gmm-acc-stats-ali-2D.cc:153) Processed 550 utterances; for utterance 1167-f_5415 avg. like is -69.2516 over 99 frames.
LOG (gmm-acc-stats-ali-2D[5.5]:main():gmm-acc-stats-ali-2D.cc:153) Processed 600 utterances; for utterance 1067-f_65E7 avg. like is -66.9806 over 77 frames.
LOG (gmm-acc-stats-ali-2D[5.5]:main():gmm-acc-stats-ali-2D.cc:153) Processed 650 utterances; for utterance 024-f_65E7 avg. like is -74.5094 over 121 frames.
LOG (gmm-acc-stats-ali-2D[5.5]:main():gmm-acc-stats-ali-2D.cc:153) Processed 700 utterances; for utterance 374-f_543E avg. like is -72.7761 over 88 frames.
LOG (gmm-acc-stats-ali-2D[5.5]:main():gmm-acc-stats-ali-2D.cc:153) Processed 750 utterances; for utterance 402-f_5976 avg. like is -73.1896 over 165 frames.
LOG (gmm-acc-stats-ali-2D[5.5]:main():gmm-acc-stats-ali-2D.cc:153) Processed 800 utterances; for utterance 1228-f_65E7 avg. like is -71.1945 over 110 frames.
LOG (gmm-acc-stats-ali-2D[5.5]:main():gmm-acc-stats-ali-2D.cc:153) Processed 850 utterances; for utterance 115-f_5415 avg. like is -71.1945 over 99 frames.
LOG (gmm-acc-stats-ali-2D[5.5]:main():gmm-acc-stats-ali-2D.cc:153) Processed 900 utterances; for utterance 1242-f_65F7 avg. like is -64.1044 over 88 frames.
LOG (gmm-acc-stats-ali-2D[5.5]:main():gmm-acc-stats-ali-2D.cc:153) Processed 950 utterances; for utterance 394-f_82B9 avg. like is -66.8512 over 66 frames.
LOG (gmm-acc-stats-ali-2D[5.5]:main():gmm-acc-stats-ali-2D.cc:153) Processed 1000 utterances; for utterance 042-f_5B8B avg. like is -71.0196 over 88 frames.
LOG (gmm-acc-stats-ali-2D[5.5]:main():gmm-acc-stats-ali-2D.cc:153) Processed 1050 utterances; for utterance 099-f_5448 avg. like is -76.1655 over 99 frames.
LOG (gmm-acc-stats-ali-2D[5.5]:main():gmm-acc-stats-ali-2D.cc:153) Processed 1100 utterances; for utterance 019-f_5413 avg. like is -70.0245 over 77 frames.
LOG (gmm-acc-stats-ali-2D[5.5]:main():gmm-acc-stats-ali-2D.cc:153) Processed 1150 utterances; for utterance 1044-f_5403 avg. like is -69.6858 over 110 frames.
LOG (gmm-acc-stats-ali-2D[5.5]:main():gmm-acc-stats-ali-2D.cc:153) Processed 1200 utterances; for utterance 1220-f_5973 avg. like is -72.3657 over 77 frames.
LOG (gmm-acc-stats-ali-2D[5.5]:main():gmm-acc-stats-ali-2D.cc:153) Processed 1250 utterances; for utterance 300-f_660E avg. like is -81.1553 over 77 frames.
LOG (gmm-acc-stats-ali-2D[5.5]:main():gmm-acc-stats-ali-2D.cc:153) Processed 1300 utterances; for utterance 1061-f_82B1 avg. like is -67.4595 over 121 frames.
LOG (gmm-acc-stats-ali-2D[5.5]:main():gmm-acc-stats-ali-2D.cc:153) Processed 1350 utterances; for utterance 1160-f_5408 avg. like is -69.8245 over 88 frames.
LOG (gmm-acc-stats-ali-2D[5.5]:main():gmm-acc-stats-ali-2D.cc:153) Processed 1400 utterances; for utterance 366-f_5978 avg. like is -70.9285 over 88 frames.
LOG (gmm-acc-stats-ali-2D[5.5]:main():gmm-acc-stats-ali-2D.cc:153) Processed 1450 utterances; for utterance 1151-f_65E6 avg. like is -66.2601 over 121 frames.
LOG (gmm-acc-stats-ali-2D[5.5]:main():gmm-acc-stats-ali-2D.cc:153) Processed 1500 utterances; for utterance 1036-f_5B8C avg. like is -61.1923 over 99 frames.
LOG (gmm-acc-stats-ali-2D[5.5]:main():gmm-acc-stats-ali-2D.cc:153) Processed 1550 utterances; for utterance 1100-f_5987 avg. like is -68.5081 over 110 frames.
LOG (gmm-acc-stats-ali-2D[5.5]:main():gmm-acc-stats-ali-2D.cc:153) Processed 1600 utterances; for utterance 010-f_5976 avg. like is -73.6652 over 121 frames.
LOG (apply-cmvn[5.5]:main():apply-cmvn.cc:162) Applied cepstral mean normalization to 1626 utterances, errors on 0
LOG (gmm-acc-stats-ali-2D[5.5]:main():gmm-acc-stats-ali-2D.cc:160) Done 1626 files, 0 with errors.
LOG (gmm-acc-stats-ali-2D[5.5]:main():gmm-acc-stats-ali-2D.cc:164) Overall avg like per frame (Gaussian only) = -70.9391 over 161205 frames.
LOG (gmm-acc-stats-ali-2D[5.5]:main():gmm-acc-stats-ali-2D.cc:173) Written accs.
# Accounting: time=0 threads=1
# Ended (code 0) at Tue Mar 31 23:42:08 CST 2020, elapsed time 0 seconds
