# gmm-est-2D --write-occs=./exp_true_2d/true_2d_r8_d8_11rows_after_force_state_of_lastrowcol/9.occs --mix-up=23398 --power=0.25 ./exp_true_2d/true_2d_r8_d8_11rows_after_force_state_of_lastrowcol/8.mdl "gmm-sum-accs-2D - ./exp_true_2d/true_2d_r8_d8_11rows_after_force_state_of_lastrowcol/8.*.acc|" ./exp_true_2d/true_2d_r8_d8_11rows_after_force_state_of_lastrowcol/9.mdl 
# Started at Tue Mar 31 23:44:25 CST 2020
#
gmm-est-2D --write-occs=./exp_true_2d/true_2d_r8_d8_11rows_after_force_state_of_lastrowcol/9.occs --mix-up=23398 --power=0.25 ./exp_true_2d/true_2d_r8_d8_11rows_after_force_state_of_lastrowcol/8.mdl 'gmm-sum-accs-2D - ./exp_true_2d/true_2d_r8_d8_11rows_after_force_state_of_lastrowcol/8.*.acc|' ./exp_true_2d/true_2d_r8_d8_11rows_after_force_state_of_lastrowcol/9.mdl 
gmm-sum-accs-2D - ./exp_true_2d/true_2d_r8_d8_11rows_after_force_state_of_lastrowcol/8.1.acc ./exp_true_2d/true_2d_r8_d8_11rows_after_force_state_of_lastrowcol/8.10.acc ./exp_true_2d/true_2d_r8_d8_11rows_after_force_state_of_lastrowcol/8.11.acc ./exp_true_2d/true_2d_r8_d8_11rows_after_force_state_of_lastrowcol/8.12.acc ./exp_true_2d/true_2d_r8_d8_11rows_after_force_state_of_lastrowcol/8.13.acc ./exp_true_2d/true_2d_r8_d8_11rows_after_force_state_of_lastrowcol/8.14.acc ./exp_true_2d/true_2d_r8_d8_11rows_after_force_state_of_lastrowcol/8.15.acc ./exp_true_2d/true_2d_r8_d8_11rows_after_force_state_of_lastrowcol/8.16.acc ./exp_true_2d/true_2d_r8_d8_11rows_after_force_state_of_lastrowcol/8.17.acc ./exp_true_2d/true_2d_r8_d8_11rows_after_force_state_of_lastrowcol/8.18.acc ./exp_true_2d/true_2d_r8_d8_11rows_after_force_state_of_lastrowcol/8.19.acc ./exp_true_2d/true_2d_r8_d8_11rows_after_force_state_of_lastrowcol/8.2.acc ./exp_true_2d/true_2d_r8_d8_11rows_after_force_state_of_lastrowcol/8.20.acc ./exp_true_2d/true_2d_r8_d8_11rows_after_force_state_of_lastrowcol/8.3.acc ./exp_true_2d/true_2d_r8_d8_11rows_after_force_state_of_lastrowcol/8.4.acc ./exp_true_2d/true_2d_r8_d8_11rows_after_force_state_of_lastrowcol/8.5.acc ./exp_true_2d/true_2d_r8_d8_11rows_after_force_state_of_lastrowcol/8.6.acc ./exp_true_2d/true_2d_r8_d8_11rows_after_force_state_of_lastrowcol/8.7.acc ./exp_true_2d/true_2d_r8_d8_11rows_after_force_state_of_lastrowcol/8.8.acc ./exp_true_2d/true_2d_r8_d8_11rows_after_force_state_of_lastrowcol/8.9.acc 
LOG (gmm-sum-accs-2D[5.5]:main():gmm-sum-accs-2D.cc:68) Summed 20 stats, total count 3.04804e+06, avg like/frame -37.8038
LOG (gmm-sum-accs-2D[5.5]:main():gmm-sum-accs-2D.cc:71) Total count of stats is 3.04804e+06
LOG (gmm-sum-accs-2D[5.5]:main():gmm-sum-accs-2D.cc:72) Written stats to -
LOG (gmm-est-2D[5.5]:MleUpdate_TopDown():transition-model-2D.cc:746) TransitionModel_2D::MleUpdate_TopDown, objf change is 0.000629098 per frame over 3.04804e+06 frames. 
LOG (gmm-est-2D[5.5]:MleUpdate_TopDown():transition-model-2D.cc:749) 356 probabilities floored, 19 out of 468 transition-states skipped due to insuffient data (it is normal to have some skipped.)
LOG (gmm-est-2D[5.5]:main():gmm-est-2D.cc:113) Transition model update: Overall 0.000629098 log-like improvement per frame over 3.04804e+06 frames. In TopDown direction.
LOG (gmm-est-2D[5.5]:MleUpdate_LeftRight():transition-model-2D.cc:810) TransitionModel_2D::MleUpdate_LeftRight, objf change is 0.000869657 per frame over 3.04804e+06 frames. 
LOG (gmm-est-2D[5.5]:MleUpdate_LeftRight():transition-model-2D.cc:813) 343 probabilities floored, 19 out of 468 transition-states skipped due to insuffient data (it is normal to have some skipped.)
LOG (gmm-est-2D[5.5]:main():gmm-est-2D.cc:117) Transition model update: Overall 0.000869657 log-like improvement per frame over 3.04804e+06 frames. In LeftRight direction.
WARNING (gmm-est-2D[5.5]:MleDiagGmmUpdate():mle-diag-gmm.cc:365) Gaussian has too little data but not removing it because it is the last Gaussian: i = 0, occ = 0, weight = 1
WARNING (gmm-est-2D[5.5]:MleDiagGmmUpdate():mle-diag-gmm.cc:365) Gaussian has too little data but not removing it because it is the last Gaussian: i = 0, occ = 0, weight = 1
WARNING (gmm-est-2D[5.5]:MleDiagGmmUpdate():mle-diag-gmm.cc:365) Gaussian has too little data but not removing it because it is the last Gaussian: i = 0, occ = 0, weight = 1
WARNING (gmm-est-2D[5.5]:MleDiagGmmUpdate():mle-diag-gmm.cc:365) Gaussian has too little data but not removing it because it is the last Gaussian: i = 0, occ = 0, weight = 1
WARNING (gmm-est-2D[5.5]:MleDiagGmmUpdate():mle-diag-gmm.cc:365) Gaussian has too little data but not removing it because it is the last Gaussian: i = 0, occ = 0, weight = 1
WARNING (gmm-est-2D[5.5]:MleDiagGmmUpdate():mle-diag-gmm.cc:365) Gaussian has too little data but not removing it because it is the last Gaussian: i = 0, occ = 0, weight = 1
WARNING (gmm-est-2D[5.5]:MleDiagGmmUpdate():mle-diag-gmm.cc:365) Gaussian has too little data but not removing it because it is the last Gaussian: i = 0, occ = 0, weight = 1
WARNING (gmm-est-2D[5.5]:MleDiagGmmUpdate():mle-diag-gmm.cc:365) Gaussian has too little data but not removing it because it is the last Gaussian: i = 0, occ = 0, weight = 1
WARNING (gmm-est-2D[5.5]:MleDiagGmmUpdate():mle-diag-gmm.cc:365) Gaussian has too little data but not removing it because it is the last Gaussian: i = 0, occ = 0, weight = 1
WARNING (gmm-est-2D[5.5]:MleDiagGmmUpdate():mle-diag-gmm.cc:365) Gaussian has too little data but not removing it because it is the last Gaussian: i = 0, occ = 0, weight = 1
WARNING (gmm-est-2D[5.5]:MleDiagGmmUpdate():mle-diag-gmm.cc:365) Gaussian has too little data but not removing it because it is the last Gaussian: i = 0, occ = 0, weight = 1
WARNING (gmm-est-2D[5.5]:MleDiagGmmUpdate():mle-diag-gmm.cc:365) Gaussian has too little data but not removing it because it is the last Gaussian: i = 0, occ = 0, weight = 1
WARNING (gmm-est-2D[5.5]:MleDiagGmmUpdate():mle-diag-gmm.cc:365) Gaussian has too little data but not removing it because it is the last Gaussian: i = 0, occ = 0, weight = 1
WARNING (gmm-est-2D[5.5]:MleDiagGmmUpdate():mle-diag-gmm.cc:365) Gaussian has too little data but not removing it because it is the last Gaussian: i = 0, occ = 0, weight = 1
WARNING (gmm-est-2D[5.5]:MleDiagGmmUpdate():mle-diag-gmm.cc:365) Gaussian has too little data but not removing it because it is the last Gaussian: i = 0, occ = 0, weight = 1
WARNING (gmm-est-2D[5.5]:MleDiagGmmUpdate():mle-diag-gmm.cc:365) Gaussian has too little data but not removing it because it is the last Gaussian: i = 0, occ = 0, weight = 1
WARNING (gmm-est-2D[5.5]:MleDiagGmmUpdate():mle-diag-gmm.cc:365) Gaussian has too little data but not removing it because it is the last Gaussian: i = 0, occ = 0, weight = 1
WARNING (gmm-est-2D[5.5]:MleDiagGmmUpdate():mle-diag-gmm.cc:365) Gaussian has too little data but not removing it because it is the last Gaussian: i = 0, occ = 0, weight = 1
WARNING (gmm-est-2D[5.5]:MleDiagGmmUpdate():mle-diag-gmm.cc:359) Too little data - removing Gaussian (weight 0.001326, occupation count 9.716722, vector size 50)
WARNING (gmm-est-2D[5.5]:MleDiagGmmUpdate():mle-diag-gmm.cc:359) Too little data - removing Gaussian (weight 0.001537, occupation count 8.822881, vector size 50)
WARNING (gmm-est-2D[5.5]:MleDiagGmmUpdate():mle-diag-gmm.cc:359) Too little data - removing Gaussian (weight 0.001047, occupation count 8.567013, vector size 50)
WARNING (gmm-est-2D[5.5]:MleDiagGmmUpdate():mle-diag-gmm.cc:359) Too little data - removing Gaussian (weight 0.333333, occupation count 1.000000, vector size 50)
WARNING (gmm-est-2D[5.5]:MleDiagGmmUpdate():mle-diag-gmm.cc:365) Gaussian has too little data but not removing it because it is the last Gaussian: i = 1, occ = 2, weight = 0.666667
WARNING (gmm-est-2D[5.5]:MleDiagGmmUpdate():mle-diag-gmm.cc:359) Too little data - removing Gaussian (weight 0.002711, occupation count 8.174378, vector size 50)
WARNING (gmm-est-2D[5.5]:MleDiagGmmUpdate():mle-diag-gmm.cc:359) Too little data - removing Gaussian (weight 0.002578, occupation count 7.772116, vector size 50)
WARNING (gmm-est-2D[5.5]:MleDiagGmmUpdate():mle-diag-gmm.cc:359) Too little data - removing Gaussian (weight 0.001241, occupation count 8.225519, vector size 50)
WARNING (gmm-est-2D[5.5]:MleDiagGmmUpdate():mle-diag-gmm.cc:359) Too little data - removing Gaussian (weight 0.000906, occupation count 7.693053, vector size 50)
WARNING (gmm-est-2D[5.5]:MleDiagGmmUpdate():mle-diag-gmm.cc:359) Too little data - removing Gaussian (weight 0.002572, occupation count 9.902451, vector size 50)
LOG (gmm-est-2D[5.5]:MleAmDiagGmmUpdate():mle-am-diag-gmm.cc:225) 34336 variance elements floored in 3167 Gaussians, out of 23508
LOG (gmm-est-2D[5.5]:MleAmDiagGmmUpdate():mle-am-diag-gmm.cc:229) Removed 9 Gaussians due to counts < --min-gaussian-occupancy=10 and --remove-low-count-gaussians=true
LOG (gmm-est-2D[5.5]:main():gmm-est-2D.cc:128) GMM update: Overall 1.56362 objective function improvement per frame over 3.04804e+06 frames
LOG (gmm-est-2D[5.5]:main():gmm-est-2D.cc:131) GMM update: Overall avg like per frame = -37.8038 over 3.04804e+06 frames.
LOG (gmm-est-2D[5.5]:SplitByCount():am-diag-gmm.cc:116) Split 468 states with target = 23398, power = 0.25, perturb_factor = 0.01 and min_count = 20, split #Gauss from 23508 to 23584
LOG (gmm-est-2D[5.5]:main():gmm-est-2D.cc:161) Written model to ./exp_true_2d/true_2d_r8_d8_11rows_after_force_state_of_lastrowcol/9.mdl
# Accounting: time=0 threads=1
# Ended (code 0) at Tue Mar 31 23:44:25 CST 2020, elapsed time 0 seconds
