# gmm-est-2D --write-occs=./exp_true_2d/true_2d_r8_d8_11rows_after_force_state_of_lastrowcol/40.occs --mix-up=23398 --power=0.25 ./exp_true_2d/true_2d_r8_d8_11rows_after_force_state_of_lastrowcol/39.mdl "gmm-sum-accs-2D - ./exp_true_2d/true_2d_r8_d8_11rows_after_force_state_of_lastrowcol/39.*.acc|" ./exp_true_2d/true_2d_r8_d8_11rows_after_force_state_of_lastrowcol/40.mdl 
# Started at Tue Mar 31 23:53:36 CST 2020
#
gmm-est-2D --write-occs=./exp_true_2d/true_2d_r8_d8_11rows_after_force_state_of_lastrowcol/40.occs --mix-up=23398 --power=0.25 ./exp_true_2d/true_2d_r8_d8_11rows_after_force_state_of_lastrowcol/39.mdl 'gmm-sum-accs-2D - ./exp_true_2d/true_2d_r8_d8_11rows_after_force_state_of_lastrowcol/39.*.acc|' ./exp_true_2d/true_2d_r8_d8_11rows_after_force_state_of_lastrowcol/40.mdl 
gmm-sum-accs-2D - ./exp_true_2d/true_2d_r8_d8_11rows_after_force_state_of_lastrowcol/39.1.acc ./exp_true_2d/true_2d_r8_d8_11rows_after_force_state_of_lastrowcol/39.10.acc ./exp_true_2d/true_2d_r8_d8_11rows_after_force_state_of_lastrowcol/39.11.acc ./exp_true_2d/true_2d_r8_d8_11rows_after_force_state_of_lastrowcol/39.12.acc ./exp_true_2d/true_2d_r8_d8_11rows_after_force_state_of_lastrowcol/39.13.acc ./exp_true_2d/true_2d_r8_d8_11rows_after_force_state_of_lastrowcol/39.14.acc ./exp_true_2d/true_2d_r8_d8_11rows_after_force_state_of_lastrowcol/39.15.acc ./exp_true_2d/true_2d_r8_d8_11rows_after_force_state_of_lastrowcol/39.16.acc ./exp_true_2d/true_2d_r8_d8_11rows_after_force_state_of_lastrowcol/39.17.acc ./exp_true_2d/true_2d_r8_d8_11rows_after_force_state_of_lastrowcol/39.18.acc ./exp_true_2d/true_2d_r8_d8_11rows_after_force_state_of_lastrowcol/39.19.acc ./exp_true_2d/true_2d_r8_d8_11rows_after_force_state_of_lastrowcol/39.2.acc ./exp_true_2d/true_2d_r8_d8_11rows_after_force_state_of_lastrowcol/39.20.acc ./exp_true_2d/true_2d_r8_d8_11rows_after_force_state_of_lastrowcol/39.3.acc ./exp_true_2d/true_2d_r8_d8_11rows_after_force_state_of_lastrowcol/39.4.acc ./exp_true_2d/true_2d_r8_d8_11rows_after_force_state_of_lastrowcol/39.5.acc ./exp_true_2d/true_2d_r8_d8_11rows_after_force_state_of_lastrowcol/39.6.acc ./exp_true_2d/true_2d_r8_d8_11rows_after_force_state_of_lastrowcol/39.7.acc ./exp_true_2d/true_2d_r8_d8_11rows_after_force_state_of_lastrowcol/39.8.acc ./exp_true_2d/true_2d_r8_d8_11rows_after_force_state_of_lastrowcol/39.9.acc 
LOG (gmm-sum-accs-2D[5.5]:main():gmm-sum-accs-2D.cc:68) Summed 20 stats, total count 3.09732e+06, avg like/frame -32.3108
LOG (gmm-sum-accs-2D[5.5]:main():gmm-sum-accs-2D.cc:71) Total count of stats is 3.09732e+06
LOG (gmm-sum-accs-2D[5.5]:main():gmm-sum-accs-2D.cc:72) Written stats to -
LOG (gmm-est-2D[5.5]:MleUpdate_TopDown():transition-model-2D.cc:746) TransitionModel_2D::MleUpdate_TopDown, objf change is -3.029e-11 per frame over 3.09732e+06 frames. 
LOG (gmm-est-2D[5.5]:MleUpdate_TopDown():transition-model-2D.cc:749) 345 probabilities floored, 19 out of 468 transition-states skipped due to insuffient data (it is normal to have some skipped.)
LOG (gmm-est-2D[5.5]:main():gmm-est-2D.cc:113) Transition model update: Overall -3.029e-11 log-like improvement per frame over 3.09732e+06 frames. In TopDown direction.
LOG (gmm-est-2D[5.5]:MleUpdate_LeftRight():transition-model-2D.cc:810) TransitionModel_2D::MleUpdate_LeftRight, objf change is 5.58844e-11 per frame over 3.09732e+06 frames. 
LOG (gmm-est-2D[5.5]:MleUpdate_LeftRight():transition-model-2D.cc:813) 330 probabilities floored, 19 out of 468 transition-states skipped due to insuffient data (it is normal to have some skipped.)
LOG (gmm-est-2D[5.5]:main():gmm-est-2D.cc:117) Transition model update: Overall 5.58844e-11 log-like improvement per frame over 3.09732e+06 frames. In LeftRight direction.
WARNING (gmm-est-2D[5.5]:MleDiagGmmUpdate():mle-diag-gmm.cc:365) Gaussian has too little data but not removing it because it is the last Gaussian: i = 0, occ = 0, weight = 1
WARNING (gmm-est-2D[5.5]:MleDiagGmmUpdate():mle-diag-gmm.cc:365) Gaussian has too little data but not removing it because it is the last Gaussian: i = 0, occ = 0, weight = 1
WARNING (gmm-est-2D[5.5]:MleDiagGmmUpdate():mle-diag-gmm.cc:365) Gaussian has too little data but not removing it because it is the last Gaussian: i = 0, occ = 0, weight = 1
WARNING (gmm-est-2D[5.5]:MleDiagGmmUpdate():mle-diag-gmm.cc:365) Gaussian has too little data but not removing it because it is the last Gaussian: i = 0, occ = 0, weight = 1
WARNING (gmm-est-2D[5.5]:MleDiagGmmUpdate():mle-diag-gmm.cc:365) Gaussian has too little data but not removing it because it is the last Gaussian: i = 0, occ = 0, weight = 1
WARNING (gmm-est-2D[5.5]:MleDiagGmmUpdate():mle-diag-gmm.cc:365) Gaussian has too little data but not removing it because it is the last Gaussian: i = 0, occ = 0, weight = 1
WARNING (gmm-est-2D[5.5]:MleDiagGmmUpdate():mle-diag-gmm.cc:365) Gaussian has too little data but not removing it because it is the last Gaussian: i = 0, occ = 0, weight = 1
WARNING (gmm-est-2D[5.5]:MleDiagGmmUpdate():mle-diag-gmm.cc:365) Gaussian has too little data but not removing it because it is the last Gaussian: i = 0, occ = 0, weight = 1
WARNING (gmm-est-2D[5.5]:MleDiagGmmUpdate():mle-diag-gmm.cc:365) Gaussian has too little data but not removing it because it is the last Gaussian: i = 0, occ = 0, weight = 1
WARNING (gmm-est-2D[5.5]:MleDiagGmmUpdate():mle-diag-gmm.cc:365) Gaussian has too little data but not removing it because it is the last Gaussian: i = 0, occ = 0, weight = 1
WARNING (gmm-est-2D[5.5]:MleDiagGmmUpdate():mle-diag-gmm.cc:365) Gaussian has too little data but not removing it because it is the last Gaussian: i = 0, occ = 0, weight = 1
WARNING (gmm-est-2D[5.5]:MleDiagGmmUpdate():mle-diag-gmm.cc:365) Gaussian has too little data but not removing it because it is the last Gaussian: i = 0, occ = 0, weight = 1
WARNING (gmm-est-2D[5.5]:MleDiagGmmUpdate():mle-diag-gmm.cc:365) Gaussian has too little data but not removing it because it is the last Gaussian: i = 0, occ = 0, weight = 1
WARNING (gmm-est-2D[5.5]:MleDiagGmmUpdate():mle-diag-gmm.cc:365) Gaussian has too little data but not removing it because it is the last Gaussian: i = 0, occ = 0, weight = 1
WARNING (gmm-est-2D[5.5]:MleDiagGmmUpdate():mle-diag-gmm.cc:365) Gaussian has too little data but not removing it because it is the last Gaussian: i = 0, occ = 0, weight = 1
WARNING (gmm-est-2D[5.5]:MleDiagGmmUpdate():mle-diag-gmm.cc:365) Gaussian has too little data but not removing it because it is the last Gaussian: i = 0, occ = 0, weight = 1
WARNING (gmm-est-2D[5.5]:MleDiagGmmUpdate():mle-diag-gmm.cc:365) Gaussian has too little data but not removing it because it is the last Gaussian: i = 0, occ = 0, weight = 1
WARNING (gmm-est-2D[5.5]:MleDiagGmmUpdate():mle-diag-gmm.cc:365) Gaussian has too little data but not removing it because it is the last Gaussian: i = 0, occ = 0, weight = 1
WARNING (gmm-est-2D[5.5]:MleDiagGmmUpdate():mle-diag-gmm.cc:365) Gaussian has too little data but not removing it because it is the last Gaussian: i = 0, occ = 1, weight = 1
LOG (gmm-est-2D[5.5]:MleAmDiagGmmUpdate():mle-am-diag-gmm.cc:225) 49464 variance elements floored in 3471 Gaussians, out of 23725
LOG (gmm-est-2D[5.5]:MleAmDiagGmmUpdate():mle-am-diag-gmm.cc:229) Removed 0 Gaussians due to counts < --min-gaussian-occupancy=10 and --remove-low-count-gaussians=true
LOG (gmm-est-2D[5.5]:main():gmm-est-2D.cc:128) GMM update: Overall 0.00253973 objective function improvement per frame over 3.09732e+06 frames
LOG (gmm-est-2D[5.5]:main():gmm-est-2D.cc:131) GMM update: Overall avg like per frame = -32.3108 over 3.09732e+06 frames.
LOG (gmm-est-2D[5.5]:SplitByCount():am-diag-gmm.cc:116) Split 468 states with target = 23398, power = 0.25, perturb_factor = 0.01 and min_count = 20, split #Gauss from 23725 to 23725
LOG (gmm-est-2D[5.5]:main():gmm-est-2D.cc:161) Written model to ./exp_true_2d/true_2d_r8_d8_11rows_after_force_state_of_lastrowcol/40.mdl
# Accounting: time=1 threads=1
# Ended (code 0) at Tue Mar 31 23:53:37 CST 2020, elapsed time 1 seconds
