# gmm-est-2D --write-occs=./exp_true_2d/true_2d_r8_d8_11rows_after_force_state_of_lastrowcol/39.occs --mix-up=23398 --power=0.25 ./exp_true_2d/true_2d_r8_d8_11rows_after_force_state_of_lastrowcol/38.mdl "gmm-sum-accs-2D - ./exp_true_2d/true_2d_r8_d8_11rows_after_force_state_of_lastrowcol/38.*.acc|" ./exp_true_2d/true_2d_r8_d8_11rows_after_force_state_of_lastrowcol/39.mdl 
# Started at Tue Mar 31 23:53:24 CST 2020
#
gmm-est-2D --write-occs=./exp_true_2d/true_2d_r8_d8_11rows_after_force_state_of_lastrowcol/39.occs --mix-up=23398 --power=0.25 ./exp_true_2d/true_2d_r8_d8_11rows_after_force_state_of_lastrowcol/38.mdl 'gmm-sum-accs-2D - ./exp_true_2d/true_2d_r8_d8_11rows_after_force_state_of_lastrowcol/38.*.acc|' ./exp_true_2d/true_2d_r8_d8_11rows_after_force_state_of_lastrowcol/39.mdl 
gmm-sum-accs-2D - ./exp_true_2d/true_2d_r8_d8_11rows_after_force_state_of_lastrowcol/38.1.acc ./exp_true_2d/true_2d_r8_d8_11rows_after_force_state_of_lastrowcol/38.10.acc ./exp_true_2d/true_2d_r8_d8_11rows_after_force_state_of_lastrowcol/38.11.acc ./exp_true_2d/true_2d_r8_d8_11rows_after_force_state_of_lastrowcol/38.12.acc ./exp_true_2d/true_2d_r8_d8_11rows_after_force_state_of_lastrowcol/38.13.acc ./exp_true_2d/true_2d_r8_d8_11rows_after_force_state_of_lastrowcol/38.14.acc ./exp_true_2d/true_2d_r8_d8_11rows_after_force_state_of_lastrowcol/38.15.acc ./exp_true_2d/true_2d_r8_d8_11rows_after_force_state_of_lastrowcol/38.16.acc ./exp_true_2d/true_2d_r8_d8_11rows_after_force_state_of_lastrowcol/38.17.acc ./exp_true_2d/true_2d_r8_d8_11rows_after_force_state_of_lastrowcol/38.18.acc ./exp_true_2d/true_2d_r8_d8_11rows_after_force_state_of_lastrowcol/38.19.acc ./exp_true_2d/true_2d_r8_d8_11rows_after_force_state_of_lastrowcol/38.2.acc ./exp_true_2d/true_2d_r8_d8_11rows_after_force_state_of_lastrowcol/38.20.acc ./exp_true_2d/true_2d_r8_d8_11rows_after_force_state_of_lastrowcol/38.3.acc ./exp_true_2d/true_2d_r8_d8_11rows_after_force_state_of_lastrowcol/38.4.acc ./exp_true_2d/true_2d_r8_d8_11rows_after_force_state_of_lastrowcol/38.5.acc ./exp_true_2d/true_2d_r8_d8_11rows_after_force_state_of_lastrowcol/38.6.acc ./exp_true_2d/true_2d_r8_d8_11rows_after_force_state_of_lastrowcol/38.7.acc ./exp_true_2d/true_2d_r8_d8_11rows_after_force_state_of_lastrowcol/38.8.acc ./exp_true_2d/true_2d_r8_d8_11rows_after_force_state_of_lastrowcol/38.9.acc 
LOG (gmm-sum-accs-2D[5.5]:main():gmm-sum-accs-2D.cc:68) Summed 20 stats, total count 3.09732e+06, avg like/frame -32.3213
LOG (gmm-sum-accs-2D[5.5]:main():gmm-sum-accs-2D.cc:71) Total count of stats is 3.09732e+06
LOG (gmm-sum-accs-2D[5.5]:main():gmm-sum-accs-2D.cc:72) Written stats to -
LOG (gmm-est-2D[5.5]:MleUpdate_TopDown():transition-model-2D.cc:746) TransitionModel_2D::MleUpdate_TopDown, objf change is 7.30257e-06 per frame over 3.09732e+06 frames. 
LOG (gmm-est-2D[5.5]:MleUpdate_TopDown():transition-model-2D.cc:749) 345 probabilities floored, 19 out of 468 transition-states skipped due to insuffient data (it is normal to have some skipped.)
LOG (gmm-est-2D[5.5]:main():gmm-est-2D.cc:113) Transition model update: Overall 7.30257e-06 log-like improvement per frame over 3.09732e+06 frames. In TopDown direction.
LOG (gmm-est-2D[5.5]:MleUpdate_LeftRight():transition-model-2D.cc:810) TransitionModel_2D::MleUpdate_LeftRight, objf change is 7.5253e-06 per frame over 3.09732e+06 frames. 
LOG (gmm-est-2D[5.5]:MleUpdate_LeftRight():transition-model-2D.cc:813) 330 probabilities floored, 19 out of 468 transition-states skipped due to insuffient data (it is normal to have some skipped.)
LOG (gmm-est-2D[5.5]:main():gmm-est-2D.cc:117) Transition model update: Overall 7.5253e-06 log-like improvement per frame over 3.09732e+06 frames. In LeftRight direction.
WARNING (gmm-est-2D[5.5]:MleDiagGmmUpdate():mle-diag-gmm.cc:365) Gaussian has too little data but not removing it because it is the last Gaussian: i = 0, occ = 0, weight = 1
WARNING (gmm-est-2D[5.5]:MleDiagGmmUpdate():mle-diag-gmm.cc:365) Gaussian has too little data but not removing it because it is the last Gaussian: i = 0, occ = 0, weight = 1
WARNING (gmm-est-2D[5.5]:MleDiagGmmUpdate():mle-diag-gmm.cc:365) Gaussian has too little data but not removing it because it is the last Gaussian: i = 0, occ = 0, weight = 1
WARNING (gmm-est-2D[5.5]:MleDiagGmmUpdate():mle-diag-gmm.cc:365) Gaussian has too little data but not removing it because it is the last Gaussian: i = 0, occ = 0, weight = 1
WARNING (gmm-est-2D[5.5]:MleDiagGmmUpdate():mle-diag-gmm.cc:365) Gaussian has too little data but not removing it because it is the last Gaussian: i = 0, occ = 0, weight = 1
WARNING (gmm-est-2D[5.5]:MleDiagGmmUpdate():mle-diag-gmm.cc:365) Gaussian has too little data but not removing it because it is the last Gaussian: i = 0, occ = 0, weight = 1
WARNING (gmm-est-2D[5.5]:MleDiagGmmUpdate():mle-diag-gmm.cc:365) Gaussian has too little data but not removing it because it is the last Gaussian: i = 0, occ = 0, weight = 1
WARNING (gmm-est-2D[5.5]:MleDiagGmmUpdate():mle-diag-gmm.cc:365) Gaussian has too little data but not removing it because it is the last Gaussian: i = 0, occ = 0, weight = 1
WARNING (gmm-est-2D[5.5]:MleDiagGmmUpdate():mle-diag-gmm.cc:365) Gaussian has too little data but not removing it because it is the last Gaussian: i = 0, occ = 0, weight = 1
WARNING (gmm-est-2D[5.5]:MleDiagGmmUpdate():mle-diag-gmm.cc:365) Gaussian has too little data but not removing it because it is the last Gaussian: i = 0, occ = 0, weight = 1
WARNING (gmm-est-2D[5.5]:MleDiagGmmUpdate():mle-diag-gmm.cc:365) Gaussian has too little data but not removing it because it is the last Gaussian: i = 0, occ = 0, weight = 1
WARNING (gmm-est-2D[5.5]:MleDiagGmmUpdate():mle-diag-gmm.cc:365) Gaussian has too little data but not removing it because it is the last Gaussian: i = 0, occ = 0, weight = 1
WARNING (gmm-est-2D[5.5]:MleDiagGmmUpdate():mle-diag-gmm.cc:365) Gaussian has too little data but not removing it because it is the last Gaussian: i = 0, occ = 0, weight = 1
WARNING (gmm-est-2D[5.5]:MleDiagGmmUpdate():mle-diag-gmm.cc:365) Gaussian has too little data but not removing it because it is the last Gaussian: i = 0, occ = 0, weight = 1
WARNING (gmm-est-2D[5.5]:MleDiagGmmUpdate():mle-diag-gmm.cc:365) Gaussian has too little data but not removing it because it is the last Gaussian: i = 0, occ = 0, weight = 1
WARNING (gmm-est-2D[5.5]:MleDiagGmmUpdate():mle-diag-gmm.cc:365) Gaussian has too little data but not removing it because it is the last Gaussian: i = 0, occ = 0, weight = 1
WARNING (gmm-est-2D[5.5]:MleDiagGmmUpdate():mle-diag-gmm.cc:365) Gaussian has too little data but not removing it because it is the last Gaussian: i = 0, occ = 0, weight = 1
WARNING (gmm-est-2D[5.5]:MleDiagGmmUpdate():mle-diag-gmm.cc:365) Gaussian has too little data but not removing it because it is the last Gaussian: i = 0, occ = 0, weight = 1
WARNING (gmm-est-2D[5.5]:MleDiagGmmUpdate():mle-diag-gmm.cc:365) Gaussian has too little data but not removing it because it is the last Gaussian: i = 0, occ = 1, weight = 1
LOG (gmm-est-2D[5.5]:MleAmDiagGmmUpdate():mle-am-diag-gmm.cc:225) 49428 variance elements floored in 3474 Gaussians, out of 23724
LOG (gmm-est-2D[5.5]:MleAmDiagGmmUpdate():mle-am-diag-gmm.cc:229) Removed 0 Gaussians due to counts < --min-gaussian-occupancy=10 and --remove-low-count-gaussians=true
LOG (gmm-est-2D[5.5]:main():gmm-est-2D.cc:128) GMM update: Overall 0.00766188 objective function improvement per frame over 3.09732e+06 frames
LOG (gmm-est-2D[5.5]:main():gmm-est-2D.cc:131) GMM update: Overall avg like per frame = -32.3213 over 3.09732e+06 frames.
LOG (gmm-est-2D[5.5]:SplitByCount():am-diag-gmm.cc:116) Split 468 states with target = 23398, power = 0.25, perturb_factor = 0.01 and min_count = 20, split #Gauss from 23724 to 23725
LOG (gmm-est-2D[5.5]:main():gmm-est-2D.cc:161) Written model to ./exp_true_2d/true_2d_r8_d8_11rows_after_force_state_of_lastrowcol/39.mdl
# Accounting: time=0 threads=1
# Ended (code 0) at Tue Mar 31 23:53:24 CST 2020, elapsed time 0 seconds
